Traceback (most recent call last):
  File "<string>", line 1, in <module>
    import backend.main; print('OK')
    ^^^^^^^^^^^^^^^^^^^
  File "c:\Users\juliu\Desktop\DataGuardian-AI\backend\main.py", line 17, in <module>
    from fastapi import FastAPI
ModuleNotFoundError: No module named 'fastapi'
Traceback (most recent call last):
  File "<string>", line 6, in <module>
    import backend.main as m
  File "c:\Users\juliu\Desktop\DataGuardian-AI\backend\main.py", line 17, in <module>
    from fastapi import FastAPI
ModuleNotFoundError: No module named 'fastapi'
Traceback (most recent call last):
  File "<string>", line 7, in <module>
    m = importlib.import_module('backend.main')
  File "c:\Users\juliu\AppData\Local\Programs\Python\Python314\Lib\importlib\__init__.py", line 88, in import_module
    return _bootstrap._gcd_import(name[level:], package, level)
           ~~~~~~~~~~~~~~~~~~~~~~^^^^^^^^^^^^^^^^^^^^^^^^^^^^^^
  File "<frozen importlib._bootstrap>", line 1398, in _gcd_import
  File "<frozen importlib._bootstrap>", line 1371, in _find_and_load
  File "<frozen importlib._bootstrap>", line 1342, in _find_and_load_unlocked
  File "<frozen importlib._bootstrap>", line 938, in _load_unlocked
  File "<frozen importlib._bootstrap_external>", line 759, in exec_module
  File "<frozen importlib._bootstrap>", line 491, in _call_with_frames_removed
  File "c:\Users\juliu\Desktop\DataGuardian-AI\backend\main.py", line 17, in <module>
    from fastapi import FastAPI
ModuleNotFoundError: No module named 'fastapi'
