Traceback (most recent call last):
  File "<string>", line 1, in <module>
    from main import debug_investigate; print(debug_investigate('test'))
    ^^^^^^^^^^^^^^^^^^^^^^^^^^^^^^^^^^
  File "c:\Users\juliu\Desktop\DataGuardian-AI\backend\main.py", line 17, in <module>
    from fastapi import FastAPI
ModuleNotFoundError: No module named 'fastapi'
Traceback (most recent call last):
  File "<string>", line 5, in <module>
    import main
  File "c:\Users\juliu\Desktop\DataGuardian-AI\backend\main.py", line 17, in <module>
    from fastapi import FastAPI
ModuleNotFoundError: No module named 'fastapi'
Traceback (most recent call last):
  File "<string>", line 6, in <module>
    import main
  File "c:\Users\juliu\Desktop\DataGuardian-AI\backend\main.py", line 74, in <module>
    from api.upload_routes import router as upload_router
  File "c:\Users\juliu\Desktop\DataGuardian-AI\backend\api\upload_routes.py", line 7, in <module>
    from services.repair_service import repair_dataset
  File "c:\Users\juliu\Desktop\DataGuardian-AI\backend\services\repair_service.py", line 1, in <module>
    import pandas as pd
ModuleNotFoundError: No module named 'pandas'
Traceback (most recent call last):
  File "<frozen runpy>", line 198, in _run_module_as_main
  File "<frozen runpy>", line 88, in _run_code
  File "c:\Users\juliu\Desktop\DataGuardian-AI\.venv\Lib\site-packages\uvicorn\__main__.py", line 4, in <module>
    uvicorn.main()
    ~~~~~~~~~~~~^^
  File "c:\Users\juliu\Desktop\DataGuardian-AI\.venv\Lib\site-packages\click\core.py", line 1569, in __call__
    return self.main(*args, **kwargs)
           ~~~~~~~~~^^^^^^^^^^^^^^^^^
  File "c:\Users\juliu\Desktop\DataGuardian-AI\.venv\Lib\site-packages\click\core.py", line 1490, in main
    rv = self.invoke(ctx)
  File "c:\Users\juliu\Desktop\DataGuardian-AI\.venv\Lib\site-packages\click\core.py", line 1353, in invoke
    return ctx.invoke(self.callback, **ctx.params)
           ~~~~~~~~~~^^^^^^^^^^^^^^^^^^^^^^^^^^^^^
  File "c:\Users\juliu\Desktop\DataGuardian-AI\.venv\Lib\site-packages\click\core.py", line 907, in invoke
    return callback(*args, **kwargs)
  File "c:\Users\juliu\Desktop\DataGuardian-AI\.venv\Lib\site-packages\uvicorn\main.py", line 440, in main
    run(
    ~~~^
        app,
        ^^^^
    ...<48 lines>...
        reset_contextvars=reset_contextvars,
        ^^^^^^^^^^^^^^^^^^^^^^^^^^^^^^^^^^^^
    )
    ^
  File "c:\Users\juliu\Desktop\DataGuardian-AI\.venv\Lib\site-packages\uvicorn\main.py", line 609, in run
    config.load_app()
    ~~~~~~~~~~~~~~~^^
  File "c:\Users\juliu\Desktop\DataGuardian-AI\.venv\Lib\site-packages\uvicorn\config.py", line 427, in load_app
    return import_from_string(self.app)
  File "c:\Users\juliu\Desktop\DataGuardian-AI\.venv\Lib\site-packages\uvicorn\importer.py", line 22, in import_from_string
    raise exc from None
  File "c:\Users\juliu\Desktop\DataGuardian-AI\.venv\Lib\site-packages\uvicorn\importer.py", line 19, in import_from_string
    module = importlib.import_module(module_str)
  File "C:\Users\juliu\AppData\Local\Programs\Python\Python314\Lib\importlib\__init__.py", line 88, in import_module
    return _bootstrap._gcd_import(name[level:], package, level)
           ~~~~~~~~~~~~~~~~~~~~~~^^^^^^^^^^^^^^^^^^^^^^^^^^^^^^
  File "<frozen importlib._bootstrap>", line 1398, in _gcd_import
  File "<frozen importlib._bootstrap>", line 1371, in _find_and_load
  File "<frozen importlib._bootstrap>", line 1342, in _find_and_load_unlocked
  File "<frozen importlib._bootstrap>", line 938, in _load_unlocked
  File "<frozen importlib._bootstrap_external>", line 759, in exec_module
  File "<frozen importlib._bootstrap>", line 491, in _call_with_frames_removed
  File "c:\Users\juliu\Desktop\DataGuardian-AI\backend\main.py", line 74, in <module>
    from api.upload_routes import router as upload_router
  File "c:\Users\juliu\Desktop\DataGuardian-AI\backend\api\upload_routes.py", line 7, in <module>
    from services.repair_service import repair_dataset
  File "c:\Users\juliu\Desktop\DataGuardian-AI\backend\services\repair_service.py", line 1, in <module>
    import pandas as pd
ModuleNotFoundError: No module named 'pandas'
ERROR:fastapi:Form data requires "python-multipart" to be installed. 
You can install "python-multipart" with: 

pip install python-multipart

ERROR:fastapi:Form data requires "python-multipart" to be installed. 
You can install "python-multipart" with: 

pip install python-multipart

[INVESTIGATE] timestamp=2026-07-18T16:40:18.275178Z
[INVESTIGATE] python_version=3.14.3 (tags/v3.14.3:323c59a, Feb  3 2026, 16:04:56) [MSC v.1944 64 bit (AMD64)]
[INVESTIGATE] sys.path_len=8
[INVESTIGATE] Agent import successful
[INVESTIGATE] Agent instance created
[INVESTIGATE] pandas unavailable; using fallback mock dataset
[INVESTIGATE] Investigation completed successfully
